\BOOKMARK [0][-]{chapter*.4}{\376\377\000L\001\063\000s\000t\000\040\000v\000a\000n\000\040\000f\000i\000g\000u\000r\000e\000n}{}% 1
\BOOKMARK [0][-]{chapter.1}{\376\377\000I\000n\000l\000e\000i\000d\000i\000n\000g}{}% 2
\BOOKMARK [1][-]{section.1.1}{\376\377\000P\000r\000o\000b\000l\000e\000e\000m\000s\000t\000e\000l\000l\000i\000n\000g}{chapter.1}% 3
\BOOKMARK [1][-]{section.1.2}{\376\377\000O\000n\000d\000e\000r\000z\000o\000e\000k\000s\000v\000r\000a\000a\000g}{chapter.1}% 4
\BOOKMARK [1][-]{section.1.3}{\376\377\000O\000n\000d\000e\000r\000z\000o\000e\000k\000s\000d\000o\000e\000l\000s\000t\000e\000l\000l\000i\000n\000g}{chapter.1}% 5
\BOOKMARK [1][-]{section.1.4}{\376\377\000O\000p\000z\000e\000t\000\040\000v\000a\000n\000\040\000d\000e\000z\000e\000\040\000b\000a\000c\000h\000e\000l\000o\000r\000p\000r\000o\000e\000f}{chapter.1}% 6
\BOOKMARK [0][-]{chapter.2}{\376\377\000S\000t\000a\000n\000d\000\040\000v\000a\000n\000\040\000z\000a\000k\000e\000n}{}% 7
\BOOKMARK [1][-]{section.2.1}{\376\377\000V\000i\000r\000t\000u\000e\000l\000e\000\040\000r\000e\000a\000l\000i\000t\000e\000i\000t}{chapter.2}% 8
\BOOKMARK [1][-]{section.2.2}{\376\377\000A\000r\000t\000i\000f\000i\000c\000i\000\353\000l\000e\000\040\000i\000n\000t\000e\000l\000l\000i\000g\000e\000n\000t\000i\000e}{chapter.2}% 9
\BOOKMARK [2][-]{subsection.2.2.1}{\376\377\000S\000p\000r\000a\000a\000k\000h\000e\000r\000k\000e\000n\000i\000n\000g}{section.2.2}% 10
\BOOKMARK [2][-]{subsection.2.2.2}{\376\377\000N\000a\000t\000u\000u\000r\000l\000i\000j\000k\000e\000\040\000t\000a\000a\000l\000v\000e\000r\000w\000e\000r\000k\000i\000n\000g}{section.2.2}% 11
\BOOKMARK [0][-]{chapter.3}{\376\377\000L\000o\000n\000g\000\040\000l\000i\000s\000t}{}% 12
\BOOKMARK [1][-]{section.3.1}{\376\377\000S\000p\000r\000a\000a\000k\000h\000e\000r\000k\000e\000n\000i\000n\000g}{chapter.3}% 13
\BOOKMARK [2][-]{subsection.3.1.1}{\376\377\000G\000o\000o\000g\000l\000e\000\040\000C\000l\000o\000u\000d\000\040\000S\000p\000e\000e\000c\000h\000-\000t\000o\000-\000t\000e\000x\000t\000\040\000A\000P\000I}{section.3.1}% 14
\BOOKMARK [2][-]{subsection.3.1.2}{\376\377\000A\000m\000a\000z\000o\000n\000\040\000T\000r\000a\000n\000s\000c\000r\000i\000b\000e}{section.3.1}% 15
\BOOKMARK [2][-]{subsection.3.1.3}{\376\377\000M\000i\000c\000r\000o\000s\000o\000f\000t\000\040\000A\000z\000u\000r\000e\000\040\000S\000p\000e\000e\000c\000h\000\040\000S\000e\000r\000v\000i\000c\000e\000s}{section.3.1}% 16
\BOOKMARK [2][-]{subsection.3.1.4}{\376\377\000M\000o\000z\000i\000l\000l\000a\000\040\000D\000e\000e\000p\000s\000p\000e\000e\000c\000h}{section.3.1}% 17
\BOOKMARK [2][-]{subsection.3.1.5}{\376\377\000W\000h\000i\000s\000p\000e\000r}{section.3.1}% 18
\BOOKMARK [1][-]{section.3.2}{\376\377\000N\000a\000t\000u\000u\000r\000l\000i\000j\000k\000e\000\040\000t\000a\000a\000l\000v\000e\000r\000w\000e\000r\000k\000i\000n\000g}{chapter.3}% 19
\BOOKMARK [0][-]{chapter.4}{\376\377\000M\000e\000t\000h\000o\000d\000o\000l\000o\000g\000i\000e}{}% 20
\BOOKMARK [1][-]{section.4.1}{\376\377\000R\000e\000q\000u\000i\000r\000e\000m\000e\000n\000t\000s\000a\000n\000a\000l\000y\000s\000e}{chapter.4}% 21
\BOOKMARK [2][-]{subsection.4.1.1}{\376\377\000F\000u\000n\000c\000t\000i\000o\000n\000e\000l\000e\000\040\000r\000e\000q\000u\000i\000r\000e\000m\000e\000n\000t\000s}{section.4.1}% 22
\BOOKMARK [2][-]{subsection.4.1.2}{\376\377\000N\000i\000e\000t\000-\000f\000u\000n\000c\000t\000i\000o\000n\000e\000l\000e\000\040\000r\000e\000q\000u\000i\000r\000e\000m\000e\000n\000t\000s}{section.4.1}% 23
\BOOKMARK [2][-]{subsection.4.1.3}{\376\377\000M\000o\000S\000C\000o\000W}{section.4.1}% 24
\BOOKMARK [2][-]{subsection.4.1.4}{\376\377\000U\000s\000e\000\040\000C\000a\000s\000e}{section.4.1}% 25
\BOOKMARK [1][-]{section.4.2}{\376\377\000P\000r\000o\000o\000f\000-\000o\000f\000-\000c\000o\000n\000c\000e\000p\000t}{chapter.4}% 26
\BOOKMARK [0][-]{chapter.5}{\376\377\000C\000o\000n\000c\000l\000u\000s\000i\000e}{}% 27
\BOOKMARK [0][-]{appendix.A}{\376\377\000O\000n\000d\000e\000r\000z\000o\000e\000k\000s\000v\000o\000o\000r\000s\000t\000e\000l}{}% 28
\BOOKMARK [1][-]{section.A.1}{\376\377\000I\000n\000t\000r\000o\000d\000u\000c\000t\000i\000e}{appendix.A}% 29
\BOOKMARK [1][-]{section.A.2}{\376\377\000S\000t\000a\000t\000e\000-\000o\000f\000-\000t\000h\000e\000-\000a\000r\000t}{appendix.A}% 30
\BOOKMARK [1][-]{section.A.3}{\376\377\000M\000e\000t\000h\000o\000d\000o\000l\000o\000g\000i\000e}{appendix.A}% 31
\BOOKMARK [1][-]{section.A.4}{\376\377\000V\000e\000r\000w\000a\000c\000h\000t\000\040\000r\000e\000s\000u\000l\000t\000a\000a\000t\000,\000\040\000c\000o\000n\000c\000l\000u\000s\000i\000e}{appendix.A}% 32
\BOOKMARK [0][-]{appendix*.11}{\376\377\000B\000i\000b\000l\000i\000o\000g\000r\000a\000f\000i\000e}{}% 33
